<component name="libraryTable">
  <library name="junit-4.7">
    <CLASSES>
      <root url="jar://$USER_HOME$/Desktop/新建文件夹/junit-4.7.jar!/" />
    </CLASSES>
    <JAVADOC />
    <SOURCES />
  </library>
</component>